\BOOKMARK [1][-]{Doc-Start}{Abstract}{}% 1
\BOOKMARK [1][-]{Contents.1}{Contents}{}% 2
\BOOKMARK [1][-]{section*.3}{List of Tables}{}% 3
\BOOKMARK [1][-]{section*.5}{List of Figures}{}% 4
\BOOKMARK [0][-]{chapter.1}{1 Introduction}{}% 5
\BOOKMARK [0][-]{chapter.2}{2 Related Work}{}% 6
\BOOKMARK [1][-]{subsection.2.0.1}{2.0.1 Debloating for the web}{chapter.2}% 7
\BOOKMARK [2][-]{subsection.2.0.2}{2.0.2 Debloating in other platforms}{subsection.2.0.1}% 8
\BOOKMARK [0][-]{chapter.3}{3 Design \046 Methodology}{}% 9
\BOOKMARK [1][-]{section.3.1}{3.1 Background}{chapter.3}% 10
\BOOKMARK [2][-]{subsection.3.1.1}{3.1.1 Package managers and software bloat}{section.3.1}% 11
\BOOKMARK [2][-]{subsection.3.1.2}{3.1.2 Motivating web-application debloating}{section.3.1}% 12
\BOOKMARK [1][-]{section.3.2}{3.2 Setup}{chapter.3}% 13
\BOOKMARK [2][-]{subsection.3.2.1}{3.2.1 Overview}{section.3.2}% 14
\BOOKMARK [2][-]{subsection.3.2.2}{3.2.2 Analyzed web applications}{section.3.2}% 15
\BOOKMARK [2][-]{subsection.3.2.3}{3.2.3 Vulnerability to source-code mapping}{section.3.2}% 16
\BOOKMARK [2][-]{subsection.3.2.4}{3.2.4 Application usage profiling}{section.3.2}% 17
\BOOKMARK [2][-]{subsection.3.2.5}{3.2.5 Recording server-side code coverage}{section.3.2}% 18
\BOOKMARK [1][-]{section.3.3}{3.3 Debloating web applications}{chapter.3}% 19
\BOOKMARK [2][-]{subsection.3.3.1}{3.3.1 Debloating strategies}{section.3.3}% 20
\BOOKMARK [2][-]{subsection.3.3.2}{3.3.2 Detecting the execution of removed code}{section.3.3}% 21
\BOOKMARK [0][-]{chapter.4}{4 Results \046 Conclusion}{}% 22
\BOOKMARK [1][-]{section.4.1}{4.1 Results}{chapter.4}% 23
\BOOKMARK [2][-]{subsection.4.1.1}{4.1.1 Tutorials vs. Monkey Testing vs. Crawling vs. Vulnerability Scanning}{section.4.1}% 24
\BOOKMARK [2][-]{subsection.4.1.2}{4.1.2 Debloating by the numbers}{section.4.1}% 25
\BOOKMARK [2][-]{subsection.4.1.3}{4.1.3 Analysis of CVEs}{section.4.1}% 26
\BOOKMARK [2][-]{subsection.4.1.4}{4.1.4 External packages}{section.4.1}% 27
\BOOKMARK [2][-]{subsection.4.1.5}{4.1.5 Qualitative analysis of the removed code}{section.4.1}% 28
\BOOKMARK [2][-]{subsection.4.1.6}{4.1.6 Testing debloated web applications against real exploits}{section.4.1}% 29
\BOOKMARK [1][-]{section.4.2}{4.2 Performance analysis}{chapter.4}% 30
\BOOKMARK [1][-]{section.4.3}{4.3 Limitations}{chapter.4}% 31
\BOOKMARK [1][-]{section.4.4}{4.4 Future work}{chapter.4}% 32
\BOOKMARK [2][-]{subsection.4.4.1}{4.4.1 End-to-end web application debloating}{section.4.4}% 33
\BOOKMARK [1][-]{section.4.5}{4.5 Conclusion}{chapter.4}% 34
\BOOKMARK [0][-]{section*.69}{Bibliography}{}% 35
