This is pdfTeX, Version 3.14159265-2.6-1.40.19 (TeX Live 2018) (preloaded format=pdflatex 2018.4.16)  16 JUN 2019 18:54
entering extended mode
 restricted \write18 enabled.
 file:line:error style messages enabled.
 %&-line parsing enabled.
**thesis.tex
(./thesis.tex
LaTeX2e <2018-04-01> patch level 2
Babel <3.18> and hyphenation patterns for 84 language(s) loaded.
(./puthesis.cls
Document Class: puthesis 2008/05/02 v1.4 Princeton University Thesis class
(/usr/local/texlive/2018/texmf-dist/tex/latex/setspace/setspace.sty
Package: setspace 2011/12/19 v6.7a set line spacing
)
\c@subyear=\count80

(/usr/local/texlive/2018/texmf-dist/tex/latex/base/report.cls
Document Class: report 2014/09/29 v1.4h Standard LaTeX document class
(/usr/local/texlive/2018/texmf-dist/tex/latex/base/size12.clo
File: size12.clo 2014/09/29 v1.4h Standard LaTeX file (size option)
)
\c@part=\count81
\c@chapter=\count82
\c@section=\count83
\c@subsection=\count84
\c@subsubsection=\count85
\c@paragraph=\count86
\c@subparagraph=\count87
\c@figure=\count88
\c@table=\count89
\abovecaptionskip=\skip41
\belowcaptionskip=\skip42
\bibindent=\dimen102
))
(/usr/local/texlive/2018/texmf-dist/tex/latex/xcolor/xcolor.sty
Package: xcolor 2016/05/11 v2.12 LaTeX color extensions (UK)

(/usr/local/texlive/2018/texmf-dist/tex/latex/graphics-cfg/color.cfg
File: color.cfg 2016/01/02 v1.6 sample color configuration
)
Package xcolor Info: Driver file: pdftex.def on input line 225.

(/usr/local/texlive/2018/texmf-dist/tex/latex/graphics-def/pdftex.def
File: pdftex.def 2018/01/08 v1.0l Graphics/color driver for pdftex
)
Package xcolor Info: Model `cmy' substituted by `cmy0' on input line 1348.
Package xcolor Info: Model `hsb' substituted by `rgb' on input line 1352.
Package xcolor Info: Model `RGB' extended on input line 1364.
Package xcolor Info: Model `HTML' substituted by `rgb' on input line 1366.
Package xcolor Info: Model `Hsb' substituted by `hsb' on input line 1367.
Package xcolor Info: Model `tHsb' substituted by `hsb' on input line 1368.
Package xcolor Info: Model `HSB' substituted by `hsb' on input line 1369.
Package xcolor Info: Model `Gray' substituted by `gray' on input line 1370.
Package xcolor Info: Model `wave' substituted by `hsb' on input line 1371.
)
(/usr/local/texlive/2018/texmf-dist/tex/latex/graphics/graphicx.sty
Package: graphicx 2017/06/01 v1.1a Enhanced LaTeX Graphics (DPC,SPQR)

(/usr/local/texlive/2018/texmf-dist/tex/latex/graphics/keyval.sty
Package: keyval 2014/10/28 v1.15 key=value parser (DPC)
\KV@toks@=\toks14
)
(/usr/local/texlive/2018/texmf-dist/tex/latex/graphics/graphics.sty
Package: graphics 2017/06/25 v1.2c Standard LaTeX Graphics (DPC,SPQR)

(/usr/local/texlive/2018/texmf-dist/tex/latex/graphics/trig.sty
Package: trig 2016/01/03 v1.10 sin cos tan (DPC)
)
(/usr/local/texlive/2018/texmf-dist/tex/latex/graphics-cfg/graphics.cfg
File: graphics.cfg 2016/06/04 v1.11 sample graphics configuration
)
Package graphics Info: Driver file: pdftex.def on input line 99.
)
\Gin@req@height=\dimen103
\Gin@req@width=\dimen104
)
(/usr/local/texlive/2018/texmf-dist/tex/latex/tools/verbatim.sty
Package: verbatim 2014/10/28 v1.5q LaTeX2e package for verbatim enhancements
\every@verbatim=\toks15
\verbatim@line=\toks16
\verbatim@in@stream=\read1
)
(/usr/local/texlive/2018/texmf-dist/tex/latex/multirow/multirow.sty
Package: multirow 2016/11/25 v2.2 Span multiple rows of a table
\multirow@colwidth=\skip43
\multirow@cntb=\count90
\multirow@dima=\skip44
\bigstrutjot=\dimen105
)
(/usr/local/texlive/2018/texmf-dist/tex/latex/tools/longtable.sty
Package: longtable 2014/10/28 v4.11 Multi-page Table package (DPC)
\LTleft=\skip45
\LTright=\skip46
\LTpre=\skip47
\LTpost=\skip48
\LTchunksize=\count91
\LTcapwidth=\dimen106
\LT@head=\box26
\LT@firsthead=\box27
\LT@foot=\box28
\LT@lastfoot=\box29
\LT@cols=\count92
\LT@rows=\count93
\c@LT@tables=\count94
\c@LT@chunks=\count95
\LT@p@ftn=\toks17
)
(/usr/local/texlive/2018/texmf-dist/tex/latex/booktabs/booktabs.sty
Package: booktabs 2016/04/27 v1.618033 publication quality tables
\heavyrulewidth=\dimen107
\lightrulewidth=\dimen108
\cmidrulewidth=\dimen109
\belowrulesep=\dimen110
\belowbottomsep=\dimen111
\aboverulesep=\dimen112
\abovetopsep=\dimen113
\cmidrulesep=\dimen114
\cmidrulekern=\dimen115
\defaultaddspace=\dimen116
\@cmidla=\count96
\@cmidlb=\count97
\@aboverulesep=\dimen117
\@belowrulesep=\dimen118
\@thisruleclass=\count98
\@lastruleclass=\count99
\@thisrulewidth=\dimen119
)
(/usr/local/texlive/2018/texmf-dist/tex/latex/hyperref/hyperref.sty
Package: hyperref 2018/02/06 v6.86b Hypertext links for LaTeX

(/usr/local/texlive/2018/texmf-dist/tex/generic/oberdiek/hobsub-hyperref.sty
Package: hobsub-hyperref 2016/05/16 v1.14 Bundle oberdiek, subset hyperref (HO)


(/usr/local/texlive/2018/texmf-dist/tex/generic/oberdiek/hobsub-generic.sty
Package: hobsub-generic 2016/05/16 v1.14 Bundle oberdiek, subset generic (HO)
Package: hobsub 2016/05/16 v1.14 Construct package bundles (HO)
Package: infwarerr 2016/05/16 v1.4 Providing info/warning/error messages (HO)
Package: ltxcmds 2016/05/16 v1.23 LaTeX kernel commands for general use (HO)
Package: ifluatex 2016/05/16 v1.4 Provides the ifluatex switch (HO)
Package ifluatex Info: LuaTeX not detected.
Package: ifvtex 2016/05/16 v1.6 Detect VTeX and its facilities (HO)
Package ifvtex Info: VTeX not detected.
Package: intcalc 2016/05/16 v1.2 Expandable calculations with integers (HO)
Package: ifpdf 2017/03/15 v3.2 Provides the ifpdf switch
Package: etexcmds 2016/05/16 v1.6 Avoid name clashes with e-TeX commands (HO)
Package etexcmds Info: Could not find \expanded.
(etexcmds)             That can mean that you are not using pdfTeX 1.50 or
(etexcmds)             that some package has redefined \expanded.
(etexcmds)             In the latter case, load this package earlier.
Package: kvsetkeys 2016/05/16 v1.17 Key value parser (HO)
Package: kvdefinekeys 2016/05/16 v1.4 Define keys (HO)
Package: pdftexcmds 2018/01/30 v0.27 Utility functions of pdfTeX for LuaTeX (HO
)
Package pdftexcmds Info: LuaTeX not detected.
Package pdftexcmds Info: \pdf@primitive is available.
Package pdftexcmds Info: \pdf@ifprimitive is available.
Package pdftexcmds Info: \pdfdraftmode found.
Package: pdfescape 2016/05/16 v1.14 Implements pdfTeX's escape features (HO)
Package: bigintcalc 2016/05/16 v1.4 Expandable calculations on big integers (HO
)
Package: bitset 2016/05/16 v1.2 Handle bit-vector datatype (HO)
Package: uniquecounter 2016/05/16 v1.3 Provide unlimited unique counter (HO)
)
Package hobsub Info: Skipping package `hobsub' (already loaded).
Package: letltxmacro 2016/05/16 v1.5 Let assignment for LaTeX macros (HO)
Package: hopatch 2016/05/16 v1.3 Wrapper for package hooks (HO)
Package: xcolor-patch 2016/05/16 xcolor patch
Package: atveryend 2016/05/16 v1.9 Hooks at the very end of document (HO)
Package atveryend Info: \enddocument detected (standard20110627).
Package: atbegshi 2016/06/09 v1.18 At begin shipout hook (HO)
Package: refcount 2016/05/16 v3.5 Data extraction from label references (HO)
Package: hycolor 2016/05/16 v1.8 Color options for hyperref/bookmark (HO)
)
(/usr/local/texlive/2018/texmf-dist/tex/generic/ifxetex/ifxetex.sty
Package: ifxetex 2010/09/12 v0.6 Provides ifxetex conditional
)
(/usr/local/texlive/2018/texmf-dist/tex/latex/oberdiek/auxhook.sty
Package: auxhook 2016/05/16 v1.4 Hooks for auxiliary files (HO)
)
(/usr/local/texlive/2018/texmf-dist/tex/latex/oberdiek/kvoptions.sty
Package: kvoptions 2016/05/16 v3.12 Key value format for package options (HO)
)
\@linkdim=\dimen120
\Hy@linkcounter=\count100
\Hy@pagecounter=\count101

(/usr/local/texlive/2018/texmf-dist/tex/latex/hyperref/pd1enc.def
File: pd1enc.def 2018/02/06 v6.86b Hyperref: PDFDocEncoding definition (HO)
Now handling font encoding PD1 ...
... no UTF-8 mapping file for font encoding PD1
)
\Hy@SavedSpaceFactor=\count102

(/usr/local/texlive/2018/texmf-dist/tex/latex/latexconfig/hyperref.cfg
File: hyperref.cfg 2002/06/06 v1.2 hyperref configuration of TeXLive
)
Package hyperref Info: Hyper figures OFF on input line 4509.
Package hyperref Info: Link nesting OFF on input line 4514.
Package hyperref Info: Hyper index ON on input line 4517.
Package hyperref Info: Plain pages OFF on input line 4524.
Package hyperref Info: Backreferencing OFF on input line 4529.
Package hyperref Info: Implicit mode ON; LaTeX internals redefined.
Package hyperref Info: Bookmarks ON on input line 4762.
\c@Hy@tempcnt=\count103

(/usr/local/texlive/2018/texmf-dist/tex/latex/url/url.sty
\Urlmuskip=\muskip10
Package: url 2013/09/16  ver 3.4  Verb mode for urls, etc.
)
LaTeX Info: Redefining \url on input line 5115.
\XeTeXLinkMargin=\dimen121
\Fld@menulength=\count104
\Field@Width=\dimen122
\Fld@charsize=\dimen123
Package hyperref Info: Hyper figures OFF on input line 6369.
Package hyperref Info: Link nesting OFF on input line 6374.
Package hyperref Info: Hyper index ON on input line 6377.
Package hyperref Info: backreferencing OFF on input line 6384.
Package hyperref Info: Link coloring OFF on input line 6389.
Package hyperref Info: Link coloring with OCG OFF on input line 6394.
Package hyperref Info: PDF/A mode OFF on input line 6399.
LaTeX Info: Redefining \ref on input line 6439.
LaTeX Info: Redefining \pageref on input line 6443.
\Hy@abspage=\count105
\c@Item=\count106
\c@Hfootnote=\count107
)
Package hyperref Info: Driver (autodetected): hpdftex.

(/usr/local/texlive/2018/texmf-dist/tex/latex/hyperref/hpdftex.def
File: hpdftex.def 2018/02/06 v6.86b Hyperref driver for pdfTeX
\Fld@listcount=\count108
\c@bookmark@seq@number=\count109

(/usr/local/texlive/2018/texmf-dist/tex/latex/oberdiek/rerunfilecheck.sty
Package: rerunfilecheck 2016/05/16 v1.8 Rerun checks for auxiliary files (HO)
Package uniquecounter Info: New unique counter `rerunfilecheck' on input line 2
82.
)
\Hy@SectionHShift=\skip49
)
Package hyperref Info: Option `bookmarksnumbered' set `true' on input line 112.


(/usr/local/texlive/2018/texmf-dist/tex/latex/listings/listings.sty
\lst@mode=\count110
\lst@gtempboxa=\box30
\lst@token=\toks18
\lst@length=\count111
\lst@currlwidth=\dimen124
\lst@column=\count112
\lst@pos=\count113
\lst@lostspace=\dimen125
\lst@width=\dimen126
\lst@newlines=\count114
\lst@lineno=\count115
\lst@maxwidth=\dimen127

(/usr/local/texlive/2018/texmf-dist/tex/latex/listings/lstmisc.sty
File: lstmisc.sty 2015/06/04 1.6 (Carsten Heinz)
\c@lstnumber=\count116
\lst@skipnumbers=\count117
\lst@framebox=\box31
)
(/usr/local/texlive/2018/texmf-dist/tex/latex/listings/listings.cfg
File: listings.cfg 2015/06/04 1.6 listings configuration
))
Package: listings 2015/06/04 1.6 (Carsten Heinz)

(/usr/local/texlive/2018/texmf-dist/tex/latex/colortbl/colortbl.sty
Package: colortbl 2012/02/13 v1.0a Color table columns (DPC)

(/usr/local/texlive/2018/texmf-dist/tex/latex/tools/array.sty
Package: array 2018/04/07 v2.4g Tabular extension package (FMi)
\col@sep=\dimen128
\ar@mcellbox=\box32
\extrarowheight=\dimen129
\NC@list=\toks19
\extratabsurround=\skip50
\backup@length=\skip51
\ar@cellbox=\box33
)
\everycr=\toks20
\minrowclearance=\skip52
)
(/usr/local/texlive/2018/texmf-dist/tex/latex/listings/lstlang1.sty
File: lstlang1.sty 2015/06/04 1.6 listings language file
)
(/usr/local/texlive/2018/texmf-dist/tex/latex/listings/lstlang1.sty
File: lstlang1.sty 2015/06/04 1.6 listings language file
)
(/usr/local/texlive/2018/texmf-dist/tex/latex/listings/lstmisc.sty
File: lstmisc.sty 2015/06/04 1.6 (Carsten Heinz)
)
(/usr/local/texlive/2018/texmf-dist/tex/latex/caption/subcaption.sty
Package: subcaption 2016/05/22 v1.1-161 Sub-captions (AR)

(/usr/local/texlive/2018/texmf-dist/tex/latex/caption/caption.sty
Package: caption 2016/02/21 v3.3-144 Customizing captions (AR)

(/usr/local/texlive/2018/texmf-dist/tex/latex/caption/caption3.sty
Package: caption3 2016/05/22 v1.7-166 caption3 kernel (AR)
Package caption3 Info: TeX engine: e-TeX on input line 67.
\captionmargin=\dimen130
\captionmargin@=\dimen131
\captionwidth=\dimen132
\caption@tempdima=\dimen133
\caption@indent=\dimen134
\caption@parindent=\dimen135
\caption@hangindent=\dimen136
)
\c@ContinuedFloat=\count118
Package caption Info: hyperref package is loaded.
Package caption Info: listings package is loaded.
Package caption Info: longtable package is loaded.

(/usr/local/texlive/2018/texmf-dist/tex/latex/caption/ltcaption.sty
Package: ltcaption 2013/06/09 v1.4-94 longtable captions (AR)
))
\c@subfigure=\count119
\c@subtable=\count120
)
(/usr/local/texlive/2018/texmf-dist/tex/latex/fontawesome/fontawesome.sty
Package: fontawesome 2016/05/15 v4.6.3.1 font awesome icons

(/usr/local/texlive/2018/texmf-dist/tex/latex/fontawesome/fontawesomesymbols-ge
neric.tex)
(/usr/local/texlive/2018/texmf-dist/tex/latex/fontawesome/fontawesomesymbols-pd
ftex.tex)) (./thesis.aux (./ch-1/introduction.aux) (./ch-2/literature.aux)
(./ch-3/experiments.aux) (./ch-4/results.aux) (./ch-appendicies/appendices.aux)
)
\openout1 = `thesis.aux'.

LaTeX Font Info:    Checking defaults for OML/cmm/m/it on input line 259.
LaTeX Font Info:    ... okay on input line 259.
LaTeX Font Info:    Checking defaults for T1/cmr/m/n on input line 259.
LaTeX Font Info:    ... okay on input line 259.
LaTeX Font Info:    Checking defaults for OT1/cmr/m/n on input line 259.
LaTeX Font Info:    ... okay on input line 259.
LaTeX Font Info:    Checking defaults for OMS/cmsy/m/n on input line 259.
LaTeX Font Info:    ... okay on input line 259.
LaTeX Font Info:    Checking defaults for OMX/cmex/m/n on input line 259.
LaTeX Font Info:    ... okay on input line 259.
LaTeX Font Info:    Checking defaults for U/cmr/m/n on input line 259.
LaTeX Font Info:    ... okay on input line 259.
LaTeX Font Info:    Checking defaults for PD1/pdf/m/n on input line 259.
LaTeX Font Info:    ... okay on input line 259.
 (/usr/local/texlive/2018/texmf-dist/tex/context/base/mkii/supp-pdf.mkii
[Loading MPS to PDF converter (version 2006.09.02).]
\scratchcounter=\count121
\scratchdimen=\dimen137
\scratchbox=\box34
\nofMPsegments=\count122
\nofMParguments=\count123
\everyMPshowfont=\toks21
\MPscratchCnt=\count124
\MPscratchDim=\dimen138
\MPnumerator=\count125
\makeMPintoPDFobject=\count126
\everyMPtoPDFconversion=\toks22
) (/usr/local/texlive/2018/texmf-dist/tex/latex/oberdiek/epstopdf-base.sty
Package: epstopdf-base 2016/05/15 v2.6 Base part for package epstopdf

(/usr/local/texlive/2018/texmf-dist/tex/latex/oberdiek/grfext.sty
Package: grfext 2016/05/16 v1.2 Manage graphics extensions (HO)
)
Package epstopdf-base Info: Redefining graphics rule for `.eps' on input line 4
38.
Package grfext Info: Graphics extension search list:
(grfext)             [.pdf,.png,.jpg,.mps,.jpeg,.jbig2,.jb2,.PDF,.PNG,.JPG,.JPE
G,.JBIG2,.JB2,.eps]
(grfext)             \AppendGraphicsExtensions on input line 456.

(/usr/local/texlive/2018/texmf-dist/tex/latex/latexconfig/epstopdf-sys.cfg
File: epstopdf-sys.cfg 2010/07/13 v1.3 Configuration of (r)epstopdf for TeX Liv
e
))
\AtBeginShipoutBox=\box35
Package hyperref Info: Link coloring OFF on input line 259.

(/usr/local/texlive/2018/texmf-dist/tex/latex/hyperref/nameref.sty
Package: nameref 2016/05/21 v2.44 Cross-referencing by name of section

(/usr/local/texlive/2018/texmf-dist/tex/generic/oberdiek/gettitlestring.sty
Package: gettitlestring 2016/05/16 v1.5 Cleanup title references (HO)
)
\c@section@level=\count127
)
LaTeX Info: Redefining \ref on input line 259.
LaTeX Info: Redefining \pageref on input line 259.
LaTeX Info: Redefining \nameref on input line 259.

(./thesis.out) (./thesis.out)
\@outlinefile=\write3
\openout3 = `thesis.out'.

\c@lstlisting=\count128
Package caption Info: Begin \AtBeginDocument code.
Package caption Info: End \AtBeginDocument code.
 [1

{/usr/local/texlive/2018/texmf-var/fonts/map/pdftex/updmap/pdftex.map}] (./abst
ract.tex) [2

] (./thesis.toc
LaTeX Font Info:    External font `cmex10' loaded for size
(Font)              <12> on input line 1.
LaTeX Font Info:    External font `cmex10' loaded for size
(Font)              <8> on input line 1.
LaTeX Font Info:    External font `cmex10' loaded for size
(Font)              <6> on input line 1.
 [3


])
\tf@toc=\write4
\openout4 = `thesis.toc'.

 [4]
(./thesis.lot)
\tf@lot=\write5
\openout5 = `thesis.lot'.

 [5


] (./thesis.lof)
\tf@lof=\write6
\openout6 = `thesis.lof'.

 [6


]
\openout2 = `ch-1/introduction.aux'.

 (./ch-1/introduction.tex
Chapter 1.
[1




] [2]
LaTeX Font Info:    Try loading font information for OMS+cmr on input line 73.
 (/usr/local/texlive/2018/texmf-dist/tex/latex/base/omscmr.fd
File: omscmr.fd 2014/09/29 v2.5h Standard LaTeX font definitions
)
LaTeX Font Info:    Font shape `OMS/cmr/m/n' in size <12> not available
(Font)              Font shape `OMS/cmsy/m/n' tried instead on input line 73.
) [3]
\openout2 = `ch-2/literature.aux'.


(./ch-2/literature.tex
Chapter 2.
[4



]

Package hyperref Warning: Difference (2) between bookmark levels is greater 
(hyperref)                than one, level fixed on input line 17.

[5]

LaTeX Warning: Reference `x' on page 6 undefined on input line 45.

[6] [7] [8] [9] [10] [11]) [12]
\openout2 = `ch-3/experiments.aux'.

 (./ch-3/experiments.tex
Chapter 3.
(./ch-3/background.tex [13



] [14]) (./ch-3/setup.tex
<figures/DebloatingPipeline.pdf, id=436, 513.83968pt x 202.8378pt>
File: figures/DebloatingPipeline.pdf Graphic file (type pdf)
<use figures/DebloatingPipeline.pdf>
Package pdftex.def Info: figures/DebloatingPipeline.pdf  used on input line 9.
(pdftex.def)             Requested size: 433.62pt x 171.17801pt.
 [15 <./figures/DebloatingPipeline.pdf

pdfTeX warning: pdflatex (file ./figures/DebloatingPipeline.pdf): PDF inclusion
: invalid other resource which is no dict (key 'ProcSets', type <array>); ignor
ed.
>] [16]

LaTeX Warning: No positions in optional float specifier.
               Default added (so using `tbp') on input line 76.

[17] [18] [19]

LaTeX Warning: Reference `table:listoftutorials' on page 20 undefined on input 
line 181.

[20] [21] [22] [23] [24] [25]
Package hyperref Info: bookmark level for unknown lstlisting defaults to 0 on i
nput line 386.


LaTeX Font Warning: Font shape `OT1/cmtt/m/n' in size <7.5> not available
(Font)              size <7> substituted on input line 386.


LaTeX Font Warning: Font shape `OT1/cmr/m/n' in size <7.5> not available
(Font)              size <7> substituted on input line 387.

) (./ch-3/debloating.tex [26] [27] [28])) [29]
\openout2 = `ch-4/results.aux'.

 (./ch-4/results.tex
Chapter 4.
(./ch-4/results_section.tex
<figures/venn_legend.pdf, id=628, 821.124pt x 86.724pt>
File: figures/venn_legend.pdf Graphic file (type pdf)
<use figures/venn_legend.pdf>
Package pdftex.def Info: figures/venn_legend.pdf  used on input line 16.
(pdftex.def)             Requested size: 303.53267pt x 32.05826pt.
<figures/venn_pma.pdf, id=629, 700.19527pt x 689.76569pt>
File: figures/venn_pma.pdf Graphic file (type pdf)
<use figures/venn_pma.pdf>
Package pdftex.def Info: figures/venn_pma.pdf  used on input line 21.
(pdftex.def)             Requested size: 95.39693pt x 93.96687pt.
<figures/venn_mwk.pdf, id=630, 700.19527pt x 689.76569pt>
File: figures/venn_mwk.pdf Graphic file (type pdf)
<use figures/venn_mwk.pdf>
Package pdftex.def Info: figures/venn_mwk.pdf  used on input line 26.
(pdftex.def)             Requested size: 95.39693pt x 93.96687pt.
<figures/venn_mgt.pdf, id=631, 700.19527pt x 689.76569pt>
File: figures/venn_mgt.pdf Graphic file (type pdf)
<use figures/venn_mgt.pdf>
Package pdftex.def Info: figures/venn_mgt.pdf  used on input line 31.
(pdftex.def)             Requested size: 95.39693pt x 93.96687pt.
<figures/venn_wp.pdf, id=632, 700.19527pt x 689.76569pt>
File: figures/venn_wp.pdf Graphic file (type pdf)
<use figures/venn_wp.pdf>
Package pdftex.def Info: figures/venn_wp.pdf  used on input line 36.
(pdftex.def)             Requested size: 95.39693pt x 93.96687pt.
 [30



] [31 <./figures/venn_legend.pdf> <./figures/venn_pma.pdf

pdfTeX warning: pdflatex (file ./figures/venn_pma.pdf): PDF inclusion: multiple
 pdfs with page group included in a single page
> <./figures/venn_mwk.pdf

pdfTeX warning: pdflatex (file ./figures/venn_mwk.pdf): PDF inclusion: multiple
 pdfs with page group included in a single page
> <./figures/venn_mgt.pdf

pdfTeX warning: pdflatex (file ./figures/venn_mgt.pdf): PDF inclusion: multiple
 pdfs with page group included in a single page
> <./figures/venn_wp.pdf

pdfTeX warning: pdflatex (file ./figures/venn_wp.pdf): PDF inclusion: multiple 
pdfs with page group included in a single page
>]
<figures/lloc.pdf, id=700, 1230.65399pt x 901.18358pt>
File: figures/lloc.pdf Graphic file (type pdf)
<use figures/lloc.pdf>
Package pdftex.def Info: figures/lloc.pdf  used on input line 77.
(pdftex.def)             Requested size: 433.62pt x 317.53662pt.
 [32] [33 <./figures/lloc.pdf>]
<figures/cc_over_loc.pdf, id=730, 989.3807pt x 366.24487pt>
File: figures/cc_over_loc.pdf Graphic file (type pdf)
<use figures/cc_over_loc.pdf>
Package pdftex.def Info: figures/cc_over_loc.pdf  used on input line 124.
(pdftex.def)             Requested size: 433.62pt x 160.51115pt.
 [34] [35 <./figures/cc_over_loc.pdf>]
[36]
<figures/vuln_per_category.pdf, id=765, 742.65265pt x 384.5592pt>
File: figures/vuln_per_category.pdf Graphic file (type pdf)
<use figures/vuln_per_category.pdf>
Package pdftex.def Info: figures/vuln_per_category.pdf  used on input line 204.

(pdftex.def)             Requested size: 433.62pt x 224.54079pt.
 [37 <./figures/vuln_per_category.pdf>]
Overfull \vbox (14.49998pt too high) detected at line 248
 []

LaTeX Font Info:    Try loading font information for OML+cmr on input line 248.

(/usr/local/texlive/2018/texmf-dist/tex/latex/base/omlcmr.fd
File: omlcmr.fd 2014/09/29 v2.5h Standard LaTeX font definitions
)
LaTeX Font Info:    Font shape `OML/cmr/m/n' in size <12> not available
(Font)              Font shape `OML/cmm/m/it' tried instead on input line 248.

Overfull \hbox (6.72118pt too wide) in paragraph at lines 248--250
 [][] 
 []


LaTeX Warning: Reference `sec:background' on page 38 undefined on input line 27
2.

[38] [39] [40] [41]

LaTeX Warning: No positions in optional float specifier.
               Default added (so using `tbp') on input line 377.

LaTeX Font Info:    Try loading font information for U+fontawesometwo on input 
line 384.
(/usr/local/texlive/2018/texmf-dist/tex/latex/fontawesome/ufontawesometwo.fd
File: ufontawesometwo.fd 2016/05/22 Font definitions for U/fontawesometwo.
)
[42] [43] [44] [45]

LaTeX Warning: No positions in optional float specifier.
               Default added (so using `tbp') on input line 481.

[46]

LaTeX Warning: No positions in optional float specifier.
               Default added (so using `tbp') on input line 504.


Overfull \hbox (3.11835pt too wide) in paragraph at lines 508--520
 [][] 
 []

[47]
<figures/cpu.pdf, id=879, 630.4899pt x 205.08212pt>
File: figures/cpu.pdf Graphic file (type pdf)
<use figures/cpu.pdf>
Package pdftex.def Info: figures/cpu.pdf  used on input line 540.
(pdftex.def)             Requested size: 433.62pt x 141.0468pt.
) (./ch-4/limitations.tex [48 <./figures/cpu.pdf>] [49] [50] [51])
(./ch-4/futurework.tex [52] [53]) (./ch-4/conclusion.tex [54])) [55]
\openout2 = `ch-appendicies/appendices.aux'.


(./ch-appendicies/appendices.tex

LaTeX Warning: No positions in optional float specifier.
               Default added (so using `tbp') on input line 1.

) [56] (./thesis.bbl [57





]
Underfull \hbox (badness 10000) in paragraph at lines 81--84
[]\OT1/cmr/m/n/12 Remote Code Ex-e-cu-tion Vul-ner-a-bil-ity | Netsparker.
 []


Underfull \hbox (badness 10000) in paragraph at lines 81--84
[]$\OT1/cmtt/m/n/12 https : / / www . netsparker . com / blog / web-[]security 
/
 []


Underfull \hbox (badness 3977) in paragraph at lines 94--96
[]\OT1/cmr/m/n/12 WordPress Twenty Four-teen theme.  []$\OT1/cmtt/m/n/12 https 
: / / wordpress . org / themes /
 []


Underfull \hbox (badness 7308) in paragraph at lines 98--100
[]\OT1/cmr/m/n/12 WordPress Twenty Twelve theme.  []$\OT1/cmtt/m/n/12 https : /
 / wordpress . org / themes /
 []


Underfull \hbox (badness 4981) in paragraph at lines 118--123
[]\OT1/cmr/m/n/12 [HttpFoundation] Re-move sup-port for legacy and risky HTTP h
ead-
 []


Underfull \hbox (badness 2680) in paragraph at lines 118--123
\OT1/cmr/m/n/12 ers - Sym-fony frame-work on GitHub.  []$\OT1/cmtt/m/n/12 https
 : / / github . com / symfony /
 []


Underfull \hbox (badness 10000) in paragraph at lines 118--123
\OT1/cmtt/m/n/12 symfony / commit / e447e8b92148ddb3d1956b96638600ec95e08f6b #
 []


Underfull \hbox (badness 10000) in paragraph at lines 141--145
[]\OT1/cmr/m/n/12 WordPress sites un-der at-tack via zero-day in aban-
 []


Underfull \hbox (badness 10000) in paragraph at lines 141--145
\OT1/cmr/m/n/12 doned plu-gin | ZD-Net.  []$\OT1/cmtt/m/n/12 https : / / www . 
zdnet . com / article /
 []


Underfull \hbox (badness 10000) in paragraph at lines 141--145
\OT1/cmtt/m/n/12 wordpress-[]sites-[]under-[]attack-[]via-[]zero-[]day-[]in-[]a
bandoned-[]plugin/$[]\OT1/cmr/m/n/12 ,
 []

[58] [59]
Underfull \hbox (badness 4181) in paragraph at lines 252--256
[]\OT1/cmr/m/n/12 Hyungjoon Koo, Seyed-hamed Ghavam-nia, and Michalis Poly-chro
n-akis.
 []

[60] [61]
Overfull \hbox (31.0466pt too wide) in paragraph at lines 393--398
\OT1/cmtt/m/n/12 npm / the-[]state-[]of-[]javascript-[]frameworks-[]2017-[]part
-[]2-[]the-[]react-[]ecosystem$[]\OT1/cmr/m/n/12 ,
 []

)
Package atveryend Info: Empty hook `BeforeClearDocument' on input line 291.
 [62]
Package atveryend Info: Empty hook `AfterLastShipout' on input line 291.
 (./thesis.aux (./ch-1/introduction.aux) (./ch-2/literature.aux)
(./ch-3/experiments.aux) (./ch-4/results.aux) (./ch-appendicies/appendices.aux)
)
Package atveryend Info: Executing hook `AtVeryEndDocument' on input line 291.
Package atveryend Info: Executing hook `AtEndAfterFileList' on input line 291.
Package rerunfilecheck Info: File `thesis.out' has not changed.
(rerunfilecheck)             Checksum: 76FE6217F2996A6F58D33FB79C468F65;2620.


LaTeX Font Warning: Size substitutions with differences
(Font)              up to 0.5pt have occurred.


LaTeX Warning: There were undefined references.

Package atveryend Info: Empty hook `AtVeryVeryEnd' on input line 291.
 )
(\end occurred when \ifodd on line 215 was incomplete) 
Here is how much of TeX's memory you used:
 10826 strings out of 492649
 158942 string characters out of 6129622
 306748 words of memory out of 5000000
 14262 multiletter control sequences out of 15000+600000
 10402 words of font info for 37 fonts, out of 8000000 for 9000
 1141 hyphenation exceptions out of 8191
 42i,19n,58p,1093b,1364s stack positions out of 5000i,500n,10000p,200000b,80000s
{/usr/local/texlive/2018/
texmf-dist/fonts/enc/dvips/fontawesome/fontawesometwo.enc}</usr/local/texlive/2
018/texmf-dist/fonts/type1/public/fontawesome/FontAwesome.pfb></usr/local/texli
ve/2018/texmf-dist/fonts/type1/public/amsfonts/cm/cmbx12.pfb></usr/local/texliv
e/2018/texmf-dist/fonts/type1/public/amsfonts/cm/cmcsc10.pfb></usr/local/texliv
e/2018/texmf-dist/fonts/type1/public/amsfonts/cm/cmmi12.pfb></usr/local/texlive
/2018/texmf-dist/fonts/type1/public/amsfonts/cm/cmr10.pfb></usr/local/texlive/2
018/texmf-dist/fonts/type1/public/amsfonts/cm/cmr12.pfb></usr/local/texlive/201
8/texmf-dist/fonts/type1/public/amsfonts/cm/cmr7.pfb></usr/local/texlive/2018/t
exmf-dist/fonts/type1/public/amsfonts/cm/cmr8.pfb></usr/local/texlive/2018/texm
f-dist/fonts/type1/public/amsfonts/cm/cmsy10.pfb></usr/local/texlive/2018/texmf
-dist/fonts/type1/public/amsfonts/cm/cmti12.pfb></usr/local/texlive/2018/texmf-
dist/fonts/type1/public/amsfonts/cm/cmtt12.pfb></usr/local/texlive/2018/texmf-d
ist/fonts/type1/public/amsfonts/cm/cmtt8.pfb>
Output written on thesis.pdf (68 pages, 4018625 bytes).
PDF statistics:
 1135 PDF objects out of 1200 (max. 8388607)
 977 compressed objects within 10 object streams
 265 named destinations out of 1000 (max. 500000)
 331 words of extra memory for PDF output out of 10000 (max. 10000000)

